  main.cpp
  Buscando bibliotecas
      Buscando C:\VulkanSDK\1.4.321.1\Lib\vulkan-1.lib:
      Buscando C:\Users\mesom\Documents\GitHub\Graphics\Vulkan\SomineEngineV\Dependencies\GLFW\lib\glfw3.lib:
      Buscando C:\Program Files (x86)\Windows Kits\10\lib\10.0.22621.0\um\x64\kernel32.lib:
      Buscando C:\Program Files (x86)\Windows Kits\10\lib\10.0.22621.0\um\x64\user32.lib:
      Buscando C:\Program Files (x86)\Windows Kits\10\lib\10.0.22621.0\um\x64\gdi32.lib:
      Buscando C:\Program Files (x86)\Windows Kits\10\lib\10.0.22621.0\um\x64\winspool.lib:
      Buscando C:\Program Files (x86)\Windows Kits\10\lib\10.0.22621.0\um\x64\comdlg32.lib:
      Buscando C:\Program Files (x86)\Windows Kits\10\lib\10.0.22621.0\um\x64\advapi32.lib:
      Buscando C:\Program Files (x86)\Windows Kits\10\lib\10.0.22621.0\um\x64\shell32.lib:
      Buscando C:\Program Files (x86)\Windows Kits\10\lib\10.0.22621.0\um\x64\ole32.lib:
      Buscando C:\Program Files (x86)\Windows Kits\10\lib\10.0.22621.0\um\x64\oleaut32.lib:
      Buscando C:\Program Files (x86)\Windows Kits\10\lib\10.0.22621.0\um\x64\uuid.lib:
      Buscando C:\Program Files (x86)\Windows Kits\10\lib\10.0.22621.0\um\x64\odbc32.lib:
      Buscando C:\Program Files (x86)\Windows Kits\10\lib\10.0.22621.0\um\x64\odbccp32.lib:
      Buscando C:\Program Files\Microsoft Visual Studio\2022\Community\VC\Tools\MSVC\14.38.33130\lib\x64\msvcprtd.lib:
      Buscando C:\Program Files\Microsoft Visual Studio\2022\Community\VC\Tools\MSVC\14.38.33130\lib\x64\MSVCRTD.lib:
      Buscando C:\Program Files\Microsoft Visual Studio\2022\Community\VC\Tools\MSVC\14.38.33130\lib\x64\OLDNAMES.lib:
      Buscando C:\Program Files\Microsoft Visual Studio\2022\Community\VC\Tools\MSVC\14.38.33130\lib\x64\MSVCRT.lib:
      Buscando C:\Program Files\Microsoft Visual Studio\2022\Community\VC\Tools\MSVC\14.38.33130\lib\x64\vcruntimed.lib:
      Buscando C:\Program Files (x86)\Windows Kits\10\lib\10.0.22621.0\ucrt\x64\ucrtd.lib:
  Búsqueda de bibliotecas finalizada
  
  Buscando bibliotecas
      Buscando C:\VulkanSDK\1.4.321.1\Lib\vulkan-1.lib:
      Buscando C:\Users\mesom\Documents\GitHub\Graphics\Vulkan\SomineEngineV\Dependencies\GLFW\lib\glfw3.lib:
      Buscando C:\Program Files (x86)\Windows Kits\10\lib\10.0.22621.0\um\x64\kernel32.lib:
      Buscando C:\Program Files (x86)\Windows Kits\10\lib\10.0.22621.0\um\x64\user32.lib:
      Buscando C:\Program Files (x86)\Windows Kits\10\lib\10.0.22621.0\um\x64\gdi32.lib:
      Buscando C:\Program Files (x86)\Windows Kits\10\lib\10.0.22621.0\um\x64\winspool.lib:
      Buscando C:\Program Files (x86)\Windows Kits\10\lib\10.0.22621.0\um\x64\comdlg32.lib:
      Buscando C:\Program Files (x86)\Windows Kits\10\lib\10.0.22621.0\um\x64\advapi32.lib:
      Buscando C:\Program Files (x86)\Windows Kits\10\lib\10.0.22621.0\um\x64\shell32.lib:
      Buscando C:\Program Files (x86)\Windows Kits\10\lib\10.0.22621.0\um\x64\ole32.lib:
      Buscando C:\Program Files (x86)\Windows Kits\10\lib\10.0.22621.0\um\x64\oleaut32.lib:
      Buscando C:\Program Files (x86)\Windows Kits\10\lib\10.0.22621.0\um\x64\uuid.lib:
      Buscando C:\Program Files (x86)\Windows Kits\10\lib\10.0.22621.0\um\x64\odbc32.lib:
      Buscando C:\Program Files (x86)\Windows Kits\10\lib\10.0.22621.0\um\x64\odbccp32.lib:
      Buscando C:\Program Files\Microsoft Visual Studio\2022\Community\VC\Tools\MSVC\14.38.33130\lib\x64\msvcprtd.lib:
      Buscando C:\Program Files\Microsoft Visual Studio\2022\Community\VC\Tools\MSVC\14.38.33130\lib\x64\MSVCRTD.lib:
      Buscando C:\Program Files\Microsoft Visual Studio\2022\Community\VC\Tools\MSVC\14.38.33130\lib\x64\OLDNAMES.lib:
      Buscando C:\Program Files\Microsoft Visual Studio\2022\Community\VC\Tools\MSVC\14.38.33130\lib\x64\MSVCRT.lib:
      Buscando C:\Program Files\Microsoft Visual Studio\2022\Community\VC\Tools\MSVC\14.38.33130\lib\x64\vcruntimed.lib:
      Buscando C:\Program Files (x86)\Windows Kits\10\lib\10.0.22621.0\ucrt\x64\ucrtd.lib:
      Buscando C:\VulkanSDK\1.4.321.1\Lib\vulkan-1.lib:
      Buscando C:\Users\mesom\Documents\GitHub\Graphics\Vulkan\SomineEngineV\Dependencies\GLFW\lib\glfw3.lib:
      Buscando C:\Program Files (x86)\Windows Kits\10\lib\10.0.22621.0\um\x64\kernel32.lib:
      Buscando C:\Program Files (x86)\Windows Kits\10\lib\10.0.22621.0\um\x64\user32.lib:
      Buscando C:\Program Files (x86)\Windows Kits\10\lib\10.0.22621.0\um\x64\gdi32.lib:
      Buscando C:\Program Files (x86)\Windows Kits\10\lib\10.0.22621.0\um\x64\winspool.lib:
      Buscando C:\Program Files (x86)\Windows Kits\10\lib\10.0.22621.0\um\x64\comdlg32.lib:
      Buscando C:\Program Files (x86)\Windows Kits\10\lib\10.0.22621.0\um\x64\advapi32.lib:
      Buscando C:\Program Files (x86)\Windows Kits\10\lib\10.0.22621.0\um\x64\shell32.lib:
      Buscando C:\Program Files (x86)\Windows Kits\10\lib\10.0.22621.0\um\x64\ole32.lib:
      Buscando C:\Program Files (x86)\Windows Kits\10\lib\10.0.22621.0\um\x64\oleaut32.lib:
      Buscando C:\Program Files (x86)\Windows Kits\10\lib\10.0.22621.0\um\x64\uuid.lib:
      Buscando C:\Program Files (x86)\Windows Kits\10\lib\10.0.22621.0\um\x64\odbc32.lib:
      Buscando C:\Program Files (x86)\Windows Kits\10\lib\10.0.22621.0\um\x64\odbccp32.lib:
      Buscando C:\Program Files\Microsoft Visual Studio\2022\Community\VC\Tools\MSVC\14.38.33130\lib\x64\msvcprtd.lib:
      Buscando C:\Program Files\Microsoft Visual Studio\2022\Community\VC\Tools\MSVC\14.38.33130\lib\x64\MSVCRTD.lib:
      Buscando C:\Program Files\Microsoft Visual Studio\2022\Community\VC\Tools\MSVC\14.38.33130\lib\x64\OLDNAMES.lib:
      Buscando C:\Program Files\Microsoft Visual Studio\2022\Community\VC\Tools\MSVC\14.38.33130\lib\x64\MSVCRT.lib:
      Buscando C:\Program Files\Microsoft Visual Studio\2022\Community\VC\Tools\MSVC\14.38.33130\lib\x64\vcruntimed.lib:
      Buscando C:\Program Files (x86)\Windows Kits\10\lib\10.0.22621.0\ucrt\x64\ucrtd.lib:
      Buscando C:\VulkanSDK\1.4.321.1\Lib\vulkan-1.lib:
      Buscando C:\Users\mesom\Documents\GitHub\Graphics\Vulkan\SomineEngineV\Dependencies\GLFW\lib\glfw3.lib:
  
  Búsqueda de bibliotecas finalizada
LINK : warning LNK4098: la biblioteca predeterminada'MSVCRT' entra en conflicto con otras bibliotecas; use la biblioteca /NODEFAULTLIB:biblioteca
  
  Buscando bibliotecas
      Buscando C:\VulkanSDK\1.4.321.1\Lib\vulkan-1.lib:
      Buscando C:\Users\mesom\Documents\GitHub\Graphics\Vulkan\SomineEngineV\Dependencies\GLFW\lib\glfw3.lib:
      Buscando C:\Program Files (x86)\Windows Kits\10\lib\10.0.22621.0\um\x64\kernel32.lib:
      Buscando C:\Program Files (x86)\Windows Kits\10\lib\10.0.22621.0\um\x64\user32.lib:
      Buscando C:\Program Files (x86)\Windows Kits\10\lib\10.0.22621.0\um\x64\gdi32.lib:
      Buscando C:\Program Files (x86)\Windows Kits\10\lib\10.0.22621.0\um\x64\winspool.lib:
      Buscando C:\Program Files (x86)\Windows Kits\10\lib\10.0.22621.0\um\x64\comdlg32.lib:
      Buscando C:\Program Files (x86)\Windows Kits\10\lib\10.0.22621.0\um\x64\advapi32.lib:
      Buscando C:\Program Files (x86)\Windows Kits\10\lib\10.0.22621.0\um\x64\shell32.lib:
      Buscando C:\Program Files (x86)\Windows Kits\10\lib\10.0.22621.0\um\x64\ole32.lib:
      Buscando C:\Program Files (x86)\Windows Kits\10\lib\10.0.22621.0\um\x64\oleaut32.lib:
      Buscando C:\Program Files (x86)\Windows Kits\10\lib\10.0.22621.0\um\x64\uuid.lib:
      Buscando C:\Program Files (x86)\Windows Kits\10\lib\10.0.22621.0\um\x64\odbc32.lib:
      Buscando C:\Program Files (x86)\Windows Kits\10\lib\10.0.22621.0\um\x64\odbccp32.lib:
      Buscando C:\Program Files\Microsoft Visual Studio\2022\Community\VC\Tools\MSVC\14.38.33130\lib\x64\msvcprtd.lib:
      Buscando C:\Program Files\Microsoft Visual Studio\2022\Community\VC\Tools\MSVC\14.38.33130\lib\x64\MSVCRTD.lib:
      Buscando C:\Program Files\Microsoft Visual Studio\2022\Community\VC\Tools\MSVC\14.38.33130\lib\x64\OLDNAMES.lib:
      Buscando C:\Program Files\Microsoft Visual Studio\2022\Community\VC\Tools\MSVC\14.38.33130\lib\x64\MSVCRT.lib:
      Buscando C:\Program Files\Microsoft Visual Studio\2022\Community\VC\Tools\MSVC\14.38.33130\lib\x64\vcruntimed.lib:
      Buscando C:\Program Files (x86)\Windows Kits\10\lib\10.0.22621.0\ucrt\x64\ucrtd.lib:
  
  Búsqueda de bibliotecas finalizada
  
  Buscando bibliotecas
      Buscando C:\VulkanSDK\1.4.321.1\Lib\vulkan-1.lib:
      Buscando C:\Users\mesom\Documents\GitHub\Graphics\Vulkan\SomineEngineV\Dependencies\GLFW\lib\glfw3.lib:
      Buscando C:\Program Files (x86)\Windows Kits\10\lib\10.0.22621.0\um\x64\kernel32.lib:
      Buscando C:\Program Files (x86)\Windows Kits\10\lib\10.0.22621.0\um\x64\user32.lib:
      Buscando C:\Program Files (x86)\Windows Kits\10\lib\10.0.22621.0\um\x64\gdi32.lib:
      Buscando C:\Program Files (x86)\Windows Kits\10\lib\10.0.22621.0\um\x64\winspool.lib:
      Buscando C:\Program Files (x86)\Windows Kits\10\lib\10.0.22621.0\um\x64\comdlg32.lib:
      Buscando C:\Program Files (x86)\Windows Kits\10\lib\10.0.22621.0\um\x64\advapi32.lib:
      Buscando C:\Program Files (x86)\Windows Kits\10\lib\10.0.22621.0\um\x64\shell32.lib:
      Buscando C:\Program Files (x86)\Windows Kits\10\lib\10.0.22621.0\um\x64\ole32.lib:
      Buscando C:\Program Files (x86)\Windows Kits\10\lib\10.0.22621.0\um\x64\oleaut32.lib:
      Buscando C:\Program Files (x86)\Windows Kits\10\lib\10.0.22621.0\um\x64\uuid.lib:
      Buscando C:\Program Files (x86)\Windows Kits\10\lib\10.0.22621.0\um\x64\odbc32.lib:
      Buscando C:\Program Files (x86)\Windows Kits\10\lib\10.0.22621.0\um\x64\odbccp32.lib:
      Buscando C:\Program Files\Microsoft Visual Studio\2022\Community\VC\Tools\MSVC\14.38.33130\lib\x64\msvcprtd.lib:
      Buscando C:\Program Files\Microsoft Visual Studio\2022\Community\VC\Tools\MSVC\14.38.33130\lib\x64\MSVCRTD.lib:
      Buscando C:\Program Files\Microsoft Visual Studio\2022\Community\VC\Tools\MSVC\14.38.33130\lib\x64\OLDNAMES.lib:
      Buscando C:\Program Files\Microsoft Visual Studio\2022\Community\VC\Tools\MSVC\14.38.33130\lib\x64\MSVCRT.lib:
      Buscando C:\Program Files\Microsoft Visual Studio\2022\Community\VC\Tools\MSVC\14.38.33130\lib\x64\vcruntimed.lib:
      Buscando C:\Program Files (x86)\Windows Kits\10\lib\10.0.22621.0\ucrt\x64\ucrtd.lib:
  
  Búsqueda de bibliotecas finalizada
  
  Buscando bibliotecas
      Buscando C:\VulkanSDK\1.4.321.1\Lib\vulkan-1.lib:
      Buscando C:\Users\mesom\Documents\GitHub\Graphics\Vulkan\SomineEngineV\Dependencies\GLFW\lib\glfw3.lib:
      Buscando C:\Program Files (x86)\Windows Kits\10\lib\10.0.22621.0\um\x64\kernel32.lib:
      Buscando C:\Program Files (x86)\Windows Kits\10\lib\10.0.22621.0\um\x64\user32.lib:
      Buscando C:\Program Files (x86)\Windows Kits\10\lib\10.0.22621.0\um\x64\gdi32.lib:
      Buscando C:\Program Files (x86)\Windows Kits\10\lib\10.0.22621.0\um\x64\winspool.lib:
      Buscando C:\Program Files (x86)\Windows Kits\10\lib\10.0.22621.0\um\x64\comdlg32.lib:
      Buscando C:\Program Files (x86)\Windows Kits\10\lib\10.0.22621.0\um\x64\advapi32.lib:
      Buscando C:\Program Files (x86)\Windows Kits\10\lib\10.0.22621.0\um\x64\shell32.lib:
      Buscando C:\Program Files (x86)\Windows Kits\10\lib\10.0.22621.0\um\x64\ole32.lib:
      Buscando C:\Program Files (x86)\Windows Kits\10\lib\10.0.22621.0\um\x64\oleaut32.lib:
      Buscando C:\Program Files (x86)\Windows Kits\10\lib\10.0.22621.0\um\x64\uuid.lib:
      Buscando C:\Program Files (x86)\Windows Kits\10\lib\10.0.22621.0\um\x64\odbc32.lib:
      Buscando C:\Program Files (x86)\Windows Kits\10\lib\10.0.22621.0\um\x64\odbccp32.lib:
      Buscando C:\Program Files\Microsoft Visual Studio\2022\Community\VC\Tools\MSVC\14.38.33130\lib\x64\msvcprtd.lib:
      Buscando C:\Program Files\Microsoft Visual Studio\2022\Community\VC\Tools\MSVC\14.38.33130\lib\x64\MSVCRTD.lib:
      Buscando C:\Program Files\Microsoft Visual Studio\2022\Community\VC\Tools\MSVC\14.38.33130\lib\x64\OLDNAMES.lib:
      Buscando C:\Program Files\Microsoft Visual Studio\2022\Community\VC\Tools\MSVC\14.38.33130\lib\x64\MSVCRT.lib:
      Buscando C:\Program Files\Microsoft Visual Studio\2022\Community\VC\Tools\MSVC\14.38.33130\lib\x64\vcruntimed.lib:
      Buscando C:\Program Files (x86)\Windows Kits\10\lib\10.0.22621.0\ucrt\x64\ucrtd.lib:
  
  Búsqueda de bibliotecas finalizada
  
  Buscando bibliotecas
      Buscando C:\VulkanSDK\1.4.321.1\Lib\vulkan-1.lib:
      Buscando C:\Users\mesom\Documents\GitHub\Graphics\Vulkan\SomineEngineV\Dependencies\GLFW\lib\glfw3.lib:
      Buscando C:\Program Files (x86)\Windows Kits\10\lib\10.0.22621.0\um\x64\kernel32.lib:
      Buscando C:\Program Files (x86)\Windows Kits\10\lib\10.0.22621.0\um\x64\user32.lib:
      Buscando C:\Program Files (x86)\Windows Kits\10\lib\10.0.22621.0\um\x64\gdi32.lib:
      Buscando C:\Program Files (x86)\Windows Kits\10\lib\10.0.22621.0\um\x64\winspool.lib:
      Buscando C:\Program Files (x86)\Windows Kits\10\lib\10.0.22621.0\um\x64\comdlg32.lib:
      Buscando C:\Program Files (x86)\Windows Kits\10\lib\10.0.22621.0\um\x64\advapi32.lib:
      Buscando C:\Program Files (x86)\Windows Kits\10\lib\10.0.22621.0\um\x64\shell32.lib:
      Buscando C:\Program Files (x86)\Windows Kits\10\lib\10.0.22621.0\um\x64\ole32.lib:
      Buscando C:\Program Files (x86)\Windows Kits\10\lib\10.0.22621.0\um\x64\oleaut32.lib:
      Buscando C:\Program Files (x86)\Windows Kits\10\lib\10.0.22621.0\um\x64\uuid.lib:
      Buscando C:\Program Files (x86)\Windows Kits\10\lib\10.0.22621.0\um\x64\odbc32.lib:
      Buscando C:\Program Files (x86)\Windows Kits\10\lib\10.0.22621.0\um\x64\odbccp32.lib:
      Buscando C:\Program Files\Microsoft Visual Studio\2022\Community\VC\Tools\MSVC\14.38.33130\lib\x64\msvcprtd.lib:
      Buscando C:\Program Files\Microsoft Visual Studio\2022\Community\VC\Tools\MSVC\14.38.33130\lib\x64\MSVCRTD.lib:
      Buscando C:\Program Files\Microsoft Visual Studio\2022\Community\VC\Tools\MSVC\14.38.33130\lib\x64\OLDNAMES.lib:
      Buscando C:\Program Files\Microsoft Visual Studio\2022\Community\VC\Tools\MSVC\14.38.33130\lib\x64\MSVCRT.lib:
      Buscando C:\Program Files\Microsoft Visual Studio\2022\Community\VC\Tools\MSVC\14.38.33130\lib\x64\vcruntimed.lib:
  
  Búsqueda de bibliotecas finalizada
  Renderer.vcxproj -> C:\Users\mesom\Documents\GitHub\Graphics\Vulkan\SomineEngineV\x64\Debug\Renderer.exe
  "pwsh.exe" no se reconoce como un comando interno o externo,
  programa o archivo por lotes ejecutable.
